{
  "label": "DIAGNOSTIC",
  "floor_width": "[0.300000000000000000000000000000000000000000000000000000000 +/- 6.39e-59]",
  "grid": [
    8,
    4,
    8
  ],
  "polynomial_degree": 10,
  "arb_bits": 192,
  "polynomial_l2_upper": "[0.00495251069792705161065210159942255334639979635705334754110 +/- 4.24e-60]",
  "remainder_l2_upper": "[0.000862241231152791704301430517797338108746998843664365279637 +/- 7.78e-62]",
  "floor_l2_upper": "[0.00541037842160210468468274579032033711626371129398934108845 +/- 8.01e-61]",
  "allowed_budget_interval": "[0.0101903405004245470000000000000000000000000000000000000000 +/- 5.57e-60]",
  "allowed_budget_lower": "[0.0101903405004245470000000000000000000000000000000000000000 +/- 6.82e-60]",
  "certified_margin_lower": "[0.00477996207882244231531725420967966288373628870601065891154 +/- 3.99e-60]",
  "certified_ratio_upper": "[0.530932054858883181929845377794938947394054531219053712620 +/- 1.59e-58]",
  "worst_cell": [
    0,
    3,
    0
  ],
  "worst_cell_remainder": "[0.0152289572583658680545152896008646143454735878170772509432 +/- 4.26e-59]",
  "maximum_fourier_bessel_tail": "0",
  "bessel_direct_count": 7680,
  "bessel_fallback_count": 0,
  "bessel_majorant_count": 33280,
  "fourier_tail_upper": "0",
  "continuum_remainder_certified": true,
  "floor_residual_certified": false,
  "stability_check_passed": false,
  "geometry_incidence_certified": true,
  "projected_symmetries_certified": true,
  "projected_symmetry_certificate": {
    "certified": true,
    "method": "exact lattice permutations induced by the explicit projectors",
    "minus_z_even_coefficient_identities": true,
    "quarter_turn_odd_coefficient_identities": true,
    "integer_periodicity": true,
    "relations": {
      "T1": {
        "value_defect": "0",
        "first_gradient_defect": "0",
        "proof": "integer-frequency phase permutation; differentiate the identity"
      },
      "R": {
        "value_defect": "0",
        "first_gradient_defect": "0",
        "proof": "(-z)-even coefficient permutation (a,b)->(-a,-b)"
      },
      "TiR": {
        "value_defect": "0",
        "first_gradient_defect": "0",
        "proof": "composition of integer i-translation with (-z)-evenness"
      }
    },
    "laplace_eigen_equation": {
      "certified": true,
      "identity": "(Delta-(1+r^2)) y K_(ir)(2*pi*|m|y) exp(2*pi*i<m,x>)=0",
      "proof": "modified-Bessel differential equation, modewise; linear projectors preserve it"
    }
  },
  "global_partition_certified": false,
  "global_weight_bounds_certified": false,
  "witness_mass_certified": true,
  "rung4_integrator_comparison_certified": false,
  "rung4_certified": false,
  "status": "GREEN",
  "cell_count": 256,
  "audit_jsonl": "C:\\Users\\Admin\\Documents\\Bearings\\bianchi-selberg\\track_b_floor_cells_d10_n8.jsonl",
  "stability_checks": [],
  "provisional": true,
  "global_label": "GLOBAL RUNG-4 CERTIFICATE: NOT CERTIFIED"
}
C:\Users\Admin\Documents\Bearings\bianchi-selberg\track_b_floor_d10_n8_result.json
